<?xml version="1.0" encoding="UTF-8"?>
<!-- Generated by org.testng.reporters.JUnitReportReporter -->
<testsuite hostname="LAPTOP-LAQNI5I9" failures="0" tests="1" name="test.Tc2_validate" time="11.683" errors="0" timestamp="2024-12-09T15:05:34 IST" skipped="0">
  <testcase classname="test.Tc2_validate" name="validateUrl" time="11.683"/>
</testsuite> <!-- test.Tc2_validate -->
