<?xml version="1.0" encoding="UTF-8"?>
<!-- Generated by org.testng.reporters.JUnitReportReporter -->
<testsuite hostname="LAPTOP-LAQNI5I9" failures="0" tests="1" name="test.Tc5_ValidateBottom" time="18.233" errors="0" timestamp="2024-12-09T15:24:57 IST" skipped="0">
  <testcase classname="test.Tc5_ValidateBottom" name="bottomLinkTest" time="18.233"/>
</testsuite> <!-- test.Tc5_ValidateBottom -->
