<?xml version="1.0" encoding="UTF-8"?>
<!-- Generated by org.testng.reporters.JUnitReportReporter -->
<testsuite hostname="LAPTOP-LAQNI5I9" failures="0" tests="1" name="test.Tc1_navigatetobestbuy" time="0.829" errors="0" timestamp="2024-12-09T15:11:42 IST" skipped="0">
  <testcase classname="test.Tc1_navigatetobestbuy" name="navigate" time="0.829"/>
</testsuite> <!-- test.Tc1_navigatetobestbuy -->
