<?xml version="1.0" encoding="UTF-8"?>
<!-- Generated by org.testng.reporters.JUnitReportReporter -->
<testsuite hostname="LAPTOP-LAQNI5I9" failures="0" tests="1" name="test.Tc3_createAccount" time="33.370" errors="0" timestamp="2024-12-09T15:30:03 IST" skipped="0">
  <testcase classname="test.Tc3_createAccount" name="createAccount" time="33.370"/>
</testsuite> <!-- test.Tc3_createAccount -->
